<?xml version="1.0" encoding="UTF-8"?>
<!-- Generated by org.testng.reporters.JUnitReportReporter -->
<testsuite hostname="nilima-PC" failures="0" tests="1" name="Postrequest" time="0.000" errors="0" timestamp="2022-09-16T19:15:21 IST" skipped="1">
  <testcase classname="Postrequest" name="postuserdetails" time="0.000">
    <skipped/>
  </testcase> <!-- postuserdetails -->
  <system-out/>
</testsuite> <!-- Postrequest -->
