<?xml version="1.0" encoding="UTF-8"?>
<!-- Generated by org.testng.reporters.JUnitReportReporter -->
<testsuite hostname="nilima-PC" failures="0" tests="1" name="Getrequest" time="6.485" errors="0" timestamp="2022-09-13T15:46:58 IST" skipped="0">
  <testcase classname="Getrequest" name="getuserdetails" time="6.485"/>
  <system-out/>
</testsuite> <!-- Getrequest -->
